<?xml version="1.0" encoding="UTF-8"?>
<!-- Generated by org.testng.reporters.JUnitReportReporter -->
<testsuite hostname="DESKTOP-GH3KD7N" failures="0" tests="2" name="automaven.AppiumTest" time="0.016" errors="0" timestamp="2022-06-27T22:14:52 IST" skipped="0">
  <testcase classname="automaven.AppiumTest" name="nativeapp" time="0.000"/>
  <system-out/>
  <testcase classname="automaven.AppiumTest" name="androidapp" time="0.016"/>
  <system-out/>
</testsuite> <!-- automaven.AppiumTest -->
