<?xml version="1.0" encoding="UTF-8"?>
<!-- Generated by org.testng.reporters.JUnitReportReporter -->
<testsuite hostname="DESKTOP-GH3KD7N" failures="0" tests="2" name="automaven.seleniumtest" time="0.028" errors="0" timestamp="2022-06-27T22:14:10 IST" skipped="0">
  <testcase classname="automaven.seleniumtest" name="logintest" time="0.022"/>
  <system-out/>
  <testcase classname="automaven.seleniumtest" name="registertest" time="0.006"/>
  <system-out/>
</testsuite> <!-- automaven.seleniumtest -->
