<?xml version="1.0" encoding="UTF-8"?>
<!-- Generated by org.testng.reporters.JUnitReportReporter -->
<testsuite hostname="DESKTOP-GH3KD7N" failures="0" tests="2" name="automaven.RestapiTest" time="0.017" errors="0" timestamp="2022-06-27T22:14:31 IST" skipped="0">
  <testcase classname="automaven.RestapiTest" name="Postapi" time="0.003"/>
  <system-out/>
  <testcase classname="automaven.RestapiTest" name="Getapi" time="0.014"/>
  <system-out/>
</testsuite> <!-- automaven.RestapiTest -->
