<?xml version="1.0" encoding="UTF-8"?>
<!-- Generated by org.testng.reporters.JUnitReportReporter -->
<testsuite hostname="DESKTOP-GH3KD7N" failures="0" tests="2" name="automaven.AppiumTest" time="0.013" errors="0" timestamp="2022-06-28T00:41:33 IST" skipped="0">
  <testcase classname="automaven.AppiumTest" name="nativeapp" time="0.002"/>
  <system-out/>
  <testcase classname="automaven.AppiumTest" name="androidapp" time="0.011"/>
  <system-out/>
</testsuite> <!-- automaven.AppiumTest -->
