<?xml version="1.0" encoding="UTF-8"?>
<!-- Generated by org.testng.reporters.JUnitReportReporter -->
<testsuite hostname="DESKTOP-GH3KD7N" failures="0" tests="2" name="automaven.seleniumTest" time="0.008" errors="0" timestamp="2022-06-28T00:41:11 IST" skipped="0">
  <testcase classname="automaven.seleniumTest" name="registertest" time="0.002"/>
  <system-out/>
  <testcase classname="automaven.seleniumTest" name="logintest" time="0.006"/>
  <system-out/>
</testsuite> <!-- automaven.seleniumTest -->
