<?xml version="1.0" encoding="UTF-8"?>
<!-- Generated by org.testng.reporters.JUnitReportReporter -->
<testsuite hostname="DESKTOP-GH3KD7N" failures="0" tests="2" name="automaven.RestapiTest" time="0.004" errors="0" timestamp="2022-06-28T00:41:33 IST" skipped="0">
  <testcase classname="automaven.RestapiTest" name="Getapi" time="0.003"/>
  <system-out/>
  <testcase classname="automaven.RestapiTest" name="Postapi" time="0.001"/>
  <system-out/>
</testsuite> <!-- automaven.RestapiTest -->
